<?xml version="1.0" encoding="UTF-8"?>
<!-- Generated by org.testng.reporters.JUnitReportReporter -->
<testsuite hostname="DESKTOP-IJ2OCPC" failures="0" tests="2" name="com.thinkbridge.AssessmentQ2.FlightSearch_Test" time="6.092" errors="0" timestamp="2021-01-31T22:30:41 IST" skipped="0">
  <testcase classname="com.thinkbridge.AssessmentQ2.FlightSearch_Test" name="Validate_Page_Title" time="0.120"/>
  <system-out/>
  <testcase classname="com.thinkbridge.AssessmentQ2.FlightSearch_Test" name="Validate_Email" time="5.972"/>
  <system-out/>
</testsuite> <!-- com.thinkbridge.AssessmentQ2.FlightSearch_Test -->
